This file contains any messages produced by compilers while
running configure, to aid debugging if configure makes a mistake.

It was created by DSTREE configure 2.0, which was
generated by GNU Autoconf 2.71.  Invocation command line was

  $ ./configure

## --------- ##
## Platform. ##
## --------- ##

hostname = pop-os
uname -m = x86_64
uname -r = 6.6.10-76060610-generic
uname -s = Linux
uname -v = #202401051437~1709085277~22.04~31d73d8 SMP PREEMPT_DYNAMIC Wed F

/usr/bin/uname -p = x86_64
/bin/uname -X     = unknown

/bin/arch              = x86_64
/usr/bin/arch -k       = unknown
/usr/convex/getsysinfo = unknown
/usr/bin/hostinfo      = unknown
/bin/machine           = unknown
/usr/bin/oslevel       = unknown
/bin/universe          = unknown

PATH: /home/saminyeaser/.local/bin/
PATH: /home/saminyeaser/anaconda3/bin/
PATH: /home/saminyeaser/anaconda3/condabin/
PATH: /home/saminyeaser/.local/bin/
PATH: /usr/local/sbin/
PATH: /usr/local/bin/
PATH: /usr/sbin/
PATH: /usr/bin/
PATH: /sbin/
PATH: /bin/
PATH: /usr/games/
PATH: /usr/local/games/
PATH: /snap/bin/
PATH: /snap/bin/


## ----------- ##
## Core tests. ##
## ----------- ##

configure:2185: looking for aux files: compile missing install-sh
configure:2198:  trying ./
configure:2227:   ./compile found
configure:2227:   ./missing found
configure:2209:   ./install-sh found
configure:2357: checking for a BSD-compatible install
configure:2430: result: /usr/bin/install -c
configure:2441: checking whether build environment is sane
configure:2496: result: yes
configure:2531: WARNING: 'missing' script is too old or missing
configure:2655: checking for a race-free mkdir -p
configure:2699: result: /usr/bin/mkdir -p
configure:2706: checking for gawk
configure:2741: result: no
configure:2706: checking for mawk
configure:2727: found /usr/bin/mawk
configure:2738: result: mawk
configure:2749: checking whether make sets $(MAKE)
configure:2772: result: yes
configure:2802: checking whether make supports nested variables
configure:2820: result: yes
configure:3015: checking for gcc
configure:3036: found /usr/bin/gcc
configure:3047: result: gcc
configure:3400: checking for C compiler version
configure:3409: gcc --version >&5
gcc (Ubuntu 9.4.0-5ubuntu1) 9.4.0
Copyright (C) 2019 Free Software Foundation, Inc.
This is free software; see the source for copying conditions.  There is NO
warranty; not even for MERCHANTABILITY or FITNESS FOR A PARTICULAR PURPOSE.

configure:3420: $? = 0
configure:3409: gcc -v >&5
Using built-in specs.
COLLECT_GCC=gcc
COLLECT_LTO_WRAPPER=/usr/lib/gcc/x86_64-linux-gnu/9/lto-wrapper
OFFLOAD_TARGET_NAMES=nvptx-none:hsa
OFFLOAD_TARGET_DEFAULT=1
Target: x86_64-linux-gnu
Configured with: ../src/configure -v --with-pkgversion='Ubuntu 9.4.0-5ubuntu1' --with-bugurl=file:///usr/share/doc/gcc-9/README.Bugs --enable-languages=c,ada,c++,go,brig,d,fortran,objc,obj-c++,gm2 --prefix=/usr --with-gcc-major-version-only --program-suffix=-9 --program-prefix=x86_64-linux-gnu- --enable-shared --enable-linker-build-id --libexecdir=/usr/lib --without-included-gettext --enable-threads=posix --libdir=/usr/lib --enable-nls --enable-clocale=gnu --enable-libstdcxx-debug --enable-libstdcxx-time=yes --with-default-libstdcxx-abi=new --enable-gnu-unique-object --disable-vtable-verify --enable-plugin --enable-default-pie --with-system-zlib --with-target-system-zlib=auto --enable-objc-gc=auto --enable-multiarch --disable-werror --with-arch-32=i686 --with-abi=m64 --with-multilib-list=m32,m64,mx32 --enable-multilib --with-tune=generic --enable-offload-targets=nvptx-none=/build/gcc-9-bVKGhJ/gcc-9-9.4.0/debian/tmp-nvptx/usr,hsa --without-cuda-driver --enable-checking=release --build=x86_64-linux-gnu --host=x86_64-linux-gnu --target=x86_64-linux-gnu
Thread model: posix
gcc version 9.4.0 (Ubuntu 9.4.0-5ubuntu1) 
configure:3420: $? = 0
configure:3409: gcc -V >&5
gcc: error: unrecognized command line option '-V'
gcc: fatal error: no input files
compilation terminated.
configure:3420: $? = 1
configure:3409: gcc -qversion >&5
gcc: error: unrecognized command line option '-qversion'; did you mean '--version'?
gcc: fatal error: no input files
compilation terminated.
configure:3420: $? = 1
configure:3409: gcc -version >&5
gcc: error: unrecognized command line option '-version'
gcc: fatal error: no input files
compilation terminated.
configure:3420: $? = 1
configure:3440: checking whether the C compiler works
configure:3462: gcc    conftest.c  >&5
configure:3466: $? = 0
configure:3516: result: yes
configure:3519: checking for C compiler default output file name
configure:3521: result: a.out
configure:3527: checking for suffix of executables
configure:3534: gcc -o conftest    conftest.c  >&5
configure:3538: $? = 0
configure:3561: result: 
configure:3583: checking whether we are cross compiling
configure:3591: gcc -o conftest    conftest.c  >&5
configure:3595: $? = 0
configure:3602: ./conftest
configure:3606: $? = 0
configure:3621: result: no
configure:3626: checking for suffix of object files
configure:3649: gcc -c   conftest.c >&5
configure:3653: $? = 0
configure:3675: result: o
configure:3679: checking whether the compiler supports GNU C
configure:3699: gcc -c   conftest.c >&5
configure:3699: $? = 0
configure:3709: result: yes
configure:3720: checking whether gcc accepts -g
configure:3741: gcc -c -g  conftest.c >&5
configure:3741: $? = 0
configure:3785: result: yes
configure:3805: checking for gcc option to enable C11 features
configure:3820: gcc  -c -g -O2  conftest.c >&5
configure:3820: $? = 0
configure:3838: result: none needed
configure:3954: checking whether gcc understands -c and -o together
configure:3977: gcc -c conftest.c -o conftest2.o
configure:3980: $? = 0
configure:3977: gcc -c conftest.c -o conftest2.o
configure:3980: $? = 0
configure:3992: result: yes
configure:4012: checking whether make supports the include directive
configure:4027: make -f confmf.GNU && cat confinc.out
this is the am__doit target
configure:4030: $? = 0
configure:4049: result: yes (GNU style)
configure:4075: checking dependency style of gcc
configure:4187: result: gcc3
configure:4250: checking for ranlib
configure:4271: found /usr/bin/ranlib
configure:4282: result: ranlib
configure:4310: checking for stdio.h
configure:4310: gcc -c -g -O2  conftest.c >&5
configure:4310: $? = 0
configure:4310: result: yes
configure:4310: checking for stdlib.h
configure:4310: gcc -c -g -O2  conftest.c >&5
configure:4310: $? = 0
configure:4310: result: yes
configure:4310: checking for string.h
configure:4310: gcc -c -g -O2  conftest.c >&5
configure:4310: $? = 0
configure:4310: result: yes
configure:4310: checking for inttypes.h
configure:4310: gcc -c -g -O2  conftest.c >&5
configure:4310: $? = 0
configure:4310: result: yes
configure:4310: checking for stdint.h
configure:4310: gcc -c -g -O2  conftest.c >&5
configure:4310: $? = 0
configure:4310: result: yes
configure:4310: checking for strings.h
configure:4310: gcc -c -g -O2  conftest.c >&5
configure:4310: $? = 0
configure:4310: result: yes
configure:4310: checking for sys/stat.h
configure:4310: gcc -c -g -O2  conftest.c >&5
configure:4310: $? = 0
configure:4310: result: yes
configure:4310: checking for sys/types.h
configure:4310: gcc -c -g -O2  conftest.c >&5
configure:4310: $? = 0
configure:4310: result: yes
configure:4310: checking for unistd.h
configure:4310: gcc -c -g -O2  conftest.c >&5
configure:4310: $? = 0
configure:4310: result: yes
configure:4335: checking for values.h
configure:4335: gcc -c -g -O2  conftest.c >&5
configure:4335: $? = 0
configure:4335: result: yes
configure:4522: checking that generated files are newer than configure
configure:4528: result: done
configure:4551: creating ./config.status

## ---------------------- ##
## Running config.status. ##
## ---------------------- ##

This file was extended by DSTREE config.status 2.0, which was
generated by GNU Autoconf 2.71.  Invocation command line was

  CONFIG_FILES    = 
  CONFIG_HEADERS  = 
  CONFIG_LINKS    = 
  CONFIG_COMMANDS = 
  $ ./config.status 

on pop-os

config.status:849: creating Makefile
config.status:849: creating config.h
config.status:1078: executing depfiles commands
config.status:1155: cd .       && sed -e '/# am--include-marker/d' Makefile         | make -f - am--depfiles
config.status:1160: $? = 0

## ---------------- ##
## Cache variables. ##
## ---------------- ##

ac_cv_c_compiler_gnu=yes
ac_cv_env_CC_set=
ac_cv_env_CC_value=
ac_cv_env_CFLAGS_set=
ac_cv_env_CFLAGS_value=
ac_cv_env_CPPFLAGS_set=
ac_cv_env_CPPFLAGS_value=
ac_cv_env_LDFLAGS_set=
ac_cv_env_LDFLAGS_value=
ac_cv_env_LIBS_set=
ac_cv_env_LIBS_value=
ac_cv_env_build_alias_set=
ac_cv_env_build_alias_value=
ac_cv_env_host_alias_set=
ac_cv_env_host_alias_value=
ac_cv_env_target_alias_set=
ac_cv_env_target_alias_value=
ac_cv_header_inttypes_h=yes
ac_cv_header_stdint_h=yes
ac_cv_header_stdio_h=yes
ac_cv_header_stdlib_h=yes
ac_cv_header_string_h=yes
ac_cv_header_strings_h=yes
ac_cv_header_sys_stat_h=yes
ac_cv_header_sys_types_h=yes
ac_cv_header_unistd_h=yes
ac_cv_header_values_h=yes
ac_cv_objext=o
ac_cv_path_install='/usr/bin/install -c'
ac_cv_path_mkdir=/usr/bin/mkdir
ac_cv_prog_AWK=mawk
ac_cv_prog_ac_ct_CC=gcc
ac_cv_prog_ac_ct_RANLIB=ranlib
ac_cv_prog_cc_c11=
ac_cv_prog_cc_g=yes
ac_cv_prog_cc_stdc=
ac_cv_prog_make_make_set=yes
am_cv_CC_dependencies_compiler_type=gcc3
am_cv_make_support_nested_variables=yes
am_cv_prog_cc_c_o=yes

## ----------------- ##
## Output variables. ##
## ----------------- ##

ACLOCAL='aclocal-1.16'
AMDEPBACKSLASH='\'
AMDEP_FALSE='#'
AMDEP_TRUE=''
AMTAR='$${TAR-tar}'
AM_BACKSLASH='\'
AM_DEFAULT_V='$(AM_DEFAULT_VERBOSITY)'
AM_DEFAULT_VERBOSITY='1'
AM_V='$(V)'
AUTOCONF='autoconf'
AUTOHEADER='autoheader'
AUTOMAKE='automake-1.16'
AWK='mawk'
CC='gcc'
CCDEPMODE='depmode=gcc3'
CFLAGS='-g -O2'
CPPFLAGS=''
CSCOPE='cscope'
CTAGS='ctags'
CYGPATH_W='echo'
DEFS='-DHAVE_CONFIG_H'
DEPDIR='.deps'
ECHO_C=''
ECHO_N='-n'
ECHO_T=''
ETAGS='etags'
EXEEXT=''
INSTALL_DATA='${INSTALL} -m 644'
INSTALL_PROGRAM='${INSTALL}'
INSTALL_SCRIPT='${INSTALL}'
INSTALL_STRIP_PROGRAM='$(install_sh) -c -s'
LDFLAGS=''
LIBOBJS=''
LIBS=''
LTLIBOBJS=''
MAKEINFO='makeinfo'
MKDIR_P='/usr/bin/mkdir -p'
OBJEXT='o'
PACKAGE='libdstree'
PACKAGE_BUGREPORT='karima.echihabi@ifnilink.com'
PACKAGE_NAME='DSTREE'
PACKAGE_STRING='DSTREE 2.0'
PACKAGE_TARNAME='libdstree'
PACKAGE_URL='http://'
PACKAGE_VERSION='2.0'
PATH_SEPARATOR=':'
RANLIB='ranlib'
SET_MAKE=''
SHELL='/bin/bash'
STRIP=''
VERSION='2.0'
ac_ct_CC='gcc'
am__EXEEXT_FALSE=''
am__EXEEXT_TRUE='#'
am__fastdepCC_FALSE='#'
am__fastdepCC_TRUE=''
am__include='include'
am__isrc=''
am__leading_dot='.'
am__nodep='_no'
am__quote=''
am__tar='$${TAR-tar} chof - "$$tardir"'
am__untar='$${TAR-tar} xf -'
bindir='${exec_prefix}/bin'
build_alias=''
datadir='${datarootdir}'
datarootdir='${prefix}/share'
docdir='${datarootdir}/doc/${PACKAGE_TARNAME}'
dvidir='${docdir}'
exec_prefix='${prefix}'
host_alias=''
htmldir='${docdir}'
includedir='${prefix}/include'
infodir='${datarootdir}/info'
install_sh='${SHELL} '\''/home/saminyeaser/OSU study/Research-Implementation/models/lernaean-hydra/hydra2/code/dstree/ds-tree-c/install-sh'\'''
libdir='${exec_prefix}/lib'
libexecdir='${exec_prefix}/libexec'
localedir='${datarootdir}/locale'
localstatedir='${prefix}/var'
mandir='${datarootdir}/man'
mkdir_p='$(MKDIR_P)'
oldincludedir='/usr/include'
pdfdir='${docdir}'
prefix='/usr/local'
program_transform_name='s,x,x,'
psdir='${docdir}'
runstatedir='${localstatedir}/run'
sbindir='${exec_prefix}/sbin'
sharedstatedir='${prefix}/com'
sysconfdir='${prefix}/etc'
target_alias=''

## ----------- ##
## confdefs.h. ##
## ----------- ##

/* confdefs.h */
#define PACKAGE_NAME "DSTREE"
#define PACKAGE_TARNAME "libdstree"
#define PACKAGE_VERSION "2.0"
#define PACKAGE_STRING "DSTREE 2.0"
#define PACKAGE_BUGREPORT "karima.echihabi@ifnilink.com"
#define PACKAGE_URL "http://"
#define HAVE_STDIO_H 1
#define HAVE_STDLIB_H 1
#define HAVE_STRING_H 1
#define HAVE_INTTYPES_H 1
#define HAVE_STDINT_H 1
#define HAVE_STRINGS_H 1
#define HAVE_SYS_STAT_H 1
#define HAVE_SYS_TYPES_H 1
#define HAVE_UNISTD_H 1
#define STDC_HEADERS 1
#define VALUES /**/
#define BENCHMARK /**/
#define VERBOSE 0

configure: exit 0

## ---------------------- ##
## Running config.status. ##
## ---------------------- ##

This file was extended by DSTREE config.status 2.0, which was
generated by GNU Autoconf 2.71.  Invocation command line was

  CONFIG_FILES    = 
  CONFIG_HEADERS  = 
  CONFIG_LINKS    = 
  CONFIG_COMMANDS = 
  $ ./config.status config.h

on pop-os

config.status:849: creating config.h
